#
# There is insufficient memory for the Java Runtime Environment to continue.
# Native memory allocation (mmap) failed to map 14155776 bytes for committing reserved memory.
# Possible reasons:
#   The system is out of physical RAM or swap space
#   In 32 bit mode, the process size limit was hit
# Possible solutions:
#   Reduce memory load on the system
#   Increase physical memory or swap space
#   Check if swap backing store is full
#   Use 64 bit Java on a 64 bit OS
#   Decrease Java heap size (-Xmx/-Xms)
#   Decrease number of Java threads
#   Decrease Java thread stack sizes (-Xss)
#   Set larger code cache with -XX:ReservedCodeCacheSize=
# This output file may be truncated or incomplete.
#
#  Out of Memory Error (os_linux.cpp:2627), pid=7657, tid=0x00007f37f351e700
#
# JRE version: Java(TM) SE Runtime Environment (8.0_102-b14) (build 1.8.0_102-b14)
# Java VM: Java HotSpot(TM) 64-Bit Server VM (25.102-b14 mixed mode linux-amd64 compressed oops)
# Failed to write core dump. Core dumps have been disabled. To enable core dumping, try "ulimit -c unlimited" before starting Java again
#

---------------  T H R E A D  ---------------

Current thread (0x00007f3808073800):  VMThread [stack: 0x00007f37f341e000,0x00007f37f351f000] [id=7680]

Stack: [0x00007f37f341e000,0x00007f37f351f000],  sp=0x00007f37f351d220,  free space=1020k
Native frames: (J=compiled Java code, j=interpreted, Vv=VM code, C=native code)
V  [libjvm.so+0xac52aa]  VMError::report_and_die()+0x2ba
V  [libjvm.so+0x4fc29b]  report_vm_out_of_memory(char const*, int, unsigned long, VMErrorType, char const*)+0x8b
V  [libjvm.so+0x922603]  os::Linux::commit_memory_impl(char*, unsigned long, bool)+0x103
V  [libjvm.so+0x922b59]  os::pd_commit_memory(char*, unsigned long, unsigned long, bool)+0x29
V  [libjvm.so+0x91ce5a]  os::commit_memory(char*, unsigned long, unsigned long, bool)+0x2a
V  [libjvm.so+0x9915e3]  PSVirtualSpace::expand_by(unsigned long)+0x53
V  [libjvm.so+0x981ea0]  PSOldGen::expand(unsigned long)+0x170
V  [libjvm.so+0x9820ab]  PSOldGen::resize(unsigned long)+0x1cb
V  [libjvm.so+0x989db1]  PSParallelCompact::invoke_no_policy(bool)+0x991
V  [libjvm.so+0x98f70d]  PSScavenge::invoke()+0x1ad
V  [libjvm.so+0x9462f0]  ParallelScavengeHeap::failed_mem_allocate(unsigned long)+0x70
V  [libjvm.so+0xac6cc7]  VM_ParallelGCFailedAllocation::doit()+0x97
V  [libjvm.so+0xace7a5]  VM_Operation::evaluate()+0x55
V  [libjvm.so+0xaccb7a]  VMThread::evaluate_operation(VM_Operation*)+0xba
V  [libjvm.so+0xaccefe]  VMThread::loop()+0x1ce
V  [libjvm.so+0xacd370]  VMThread::run()+0x70
V  [libjvm.so+0x9249c8]  java_start(Thread*)+0x108

VM_Operation (0x00007f38100a81e0): ParallelGCFailedAllocation, mode: safepoint, requested by thread 0x00007f380800a000


---------------  P R O C E S S  ---------------

Java Threads: ( => current thread )
  0x00007f38080c2000 JavaThread "Service Thread" daemon [_thread_blocked, id=7686, stack(0x00007f37f2a43000,0x00007f37f2b44000)]
  0x00007f38080b7000 JavaThread "C1 CompilerThread1" daemon [_thread_blocked, id=7685, stack(0x00007f37f2b44000,0x00007f37f2c45000)]
  0x00007f38080b4000 JavaThread "C2 CompilerThread0" daemon [_thread_blocked, id=7684, stack(0x00007f37f2c45000,0x00007f37f2d46000)]
  0x00007f38080b2800 JavaThread "Signal Dispatcher" daemon [_thread_blocked, id=7683, stack(0x00007f37f2d46000,0x00007f37f2e47000)]
  0x00007f3808080000 JavaThread "Finalizer" daemon [_thread_blocked, id=7682, stack(0x00007f37f321c000,0x00007f37f331d000)]
  0x00007f380807b000 JavaThread "Reference Handler" daemon [_thread_blocked, id=7681, stack(0x00007f37f331d000,0x00007f37f341e000)]
  0x00007f380800a000 JavaThread "main" [_thread_blocked, id=7677, stack(0x00007f380ffaa000,0x00007f38100ab000)]

Other Threads:
=>0x00007f3808073800 VMThread [stack: 0x00007f37f341e000,0x00007f37f351f000] [id=7680]
  0x00007f38080c5000 WatcherThread [stack: 0x00007f37f2942000,0x00007f37f2a43000] [id=7687]

VM state:at safepoint (normal execution)

VM Mutex/Monitor currently owned by a thread:  ([mutex/lock_event])
[0x00007f3808005a20] ExpandHeap_lock - owner thread: 0x00007f3808073800
[0x00007f38080060a0] Threads_lock - owner thread: 0x00007f3808073800
[0x00007f38080065a0] Heap_lock - owner thread: 0x00007f380800a000

Heap:
 PSYoungGen      total 147456K, used 0K [0x00000000f5f00000, 0x0000000100000000, 0x0000000100000000)
  eden space 137216K, 0% used [0x00000000f5f00000,0x00000000f5f00000,0x00000000fe500000)
  from space 10240K, 0% used [0x00000000fe500000,0x00000000fe500000,0x00000000fef00000)
  to   space 10240K, 0% used [0x00000000ff600000,0x00000000ff600000,0x0000000100000000)
 ParOldGen       total 22016K, used 15755K [0x00000000e1c00000, 0x00000000e3180000, 0x00000000f5f00000)
  object space 22016K, 71% used [0x00000000e1c00000,0x00000000e2b62d90,0x00000000e3180000)
 Metaspace       used 20680K, capacity 21176K, committed 21248K, reserved 1069056K
  class space    used 2412K, capacity 2530K, committed 2560K, reserved 1048576K

Card table byte_map: [0x00007f380cc58000,0x00007f380cd4b000] byte_map_base: 0x00007f380c54a000

Marking Bits: (ParMarkBitMap*) 0x00007f380f474c60
 Begin Bits: [0x00007f37f80e0000, 0x00007f37f8870000)
 End Bits:   [0x00007f37f8870000, 0x00007f37f9000000)

Polling page: 0x00007f38100c7000

CodeCache: size=245760Kb used=10818Kb max_used=10854Kb free=234941Kb
 bounds [0x00007f37f9000000, 0x00007f37f9ab0000, 0x00007f3808000000]
 total_blobs=3721 nmethods=3368 adapters=265
 compilation: enabled

Compilation events (10 events):
Event: 9.266 Thread 0x00007f38080b7000 3416       2       org.jdom2.Verifier::checkNamespaceCollision (72 bytes)
Event: 9.523 Thread 0x00007f38080b7000 nmethod 3416 0x00007f37f9176050 code [0x00007f37f9176220, 0x00007f37f9176618]
Event: 9.929 Thread 0x00007f38080b7000 3418       2       org.apache.commons.io.IOUtils::closeQuietly (5 bytes)
Event: 10.146 Thread 0x00007f38080b7000 nmethod 3418 0x00007f37f9183110 code [0x00007f37f9183280, 0x00007f37f9183408]
Event: 10.171 Thread 0x00007f38080b7000 3419   !   2       org.apache.commons.io.IOUtils::closeQuietly (15 bytes)
Event: 10.321 Thread 0x00007f38080b7000 nmethod 3419 0x00007f37f9112190 code [0x00007f37f9112300, 0x00007f37f9112488]
Event: 11.450 Thread 0x00007f38080b4000 nmethod 3400 0x00007f37f9a8f850 code [0x00007f37f9a90160, 0x00007f37f9a9b3d0]
Event: 11.466 Thread 0x00007f38080b4000 3410 %     4       org.jdom2.output.Format::escapeText @ 8 (478 bytes)
Event: 12.671 Thread 0x00007f38080b7000 3420 %     3       java.util.TimSort::binarySort @ 32 (223 bytes)
Event: 13.035 Thread 0x00007f38080b7000 nmethod 3420% 0x00007f37f9138510 code [0x00007f37f9138700, 0x00007f37f9139138]

GC Heap History (10 events):
Event: 2.298 GC heap after
Heap after GC invocations=5 (full 0):
 PSYoungGen      total 35840K, used 1008K [0x00000000f5f00000, 0x00000000fb000000, 0x0000000100000000)
  eden space 34816K, 0% used [0x00000000f5f00000,0x00000000f5f00000,0x00000000f8100000)
  from space 1024K, 98% used [0x00000000f8100000,0x00000000f81fc030,0x00000000f8200000)
  to   space 6656K, 0% used [0x00000000fa980000,0x00000000fa980000,0x00000000fb000000)
 ParOldGen       total 22016K, used 13059K [0x00000000e1c00000, 0x00000000e3180000, 0x00000000f5f00000)
  object space 22016K, 59% used [0x00000000e1c00000,0x00000000e28c0db8,0x00000000e3180000)
 Metaspace       used 14657K, capacity 14920K, committed 15232K, reserved 1062912K
  class space    used 1804K, capacity 1910K, committed 1920K, reserved 1048576K
}
Event: 3.029 GC heap before
{Heap before GC invocations=6 (full 0):
 PSYoungGen      total 35840K, used 35824K [0x00000000f5f00000, 0x00000000fb000000, 0x0000000100000000)
  eden space 34816K, 100% used [0x00000000f5f00000,0x00000000f8100000,0x00000000f8100000)
  from space 1024K, 98% used [0x00000000f8100000,0x00000000f81fc030,0x00000000f8200000)
  to   space 6656K, 0% used [0x00000000fa980000,0x00000000fa980000,0x00000000fb000000)
 ParOldGen       total 22016K, used 13059K [0x00000000e1c00000, 0x00000000e3180000, 0x00000000f5f00000)
  object space 22016K, 59% used [0x00000000e1c00000,0x00000000e28c0db8,0x00000000e3180000)
 Metaspace       used 15139K, capacity 15450K, committed 15744K, reserved 1062912K
  class space    used 1827K, capacity 1913K, committed 1920K, reserved 1048576K
Event: 3.039 GC heap after
Heap after GC invocations=6 (full 0):
 PSYoungGen      total 75264K, used 3378K [0x00000000f5f00000, 0x00000000faf00000, 0x0000000100000000)
  eden space 69632K, 0% used [0x00000000f5f00000,0x00000000f5f00000,0x00000000fa300000)
  from space 5632K, 59% used [0x00000000fa980000,0x00000000faccc878,0x00000000faf00000)
  to   space 6144K, 0% used [0x00000000fa300000,0x00000000fa300000,0x00000000fa900000)
 ParOldGen       total 22016K, used 13067K [0x00000000e1c00000, 0x00000000e3180000, 0x00000000f5f00000)
  object space 22016K, 59% used [0x00000000e1c00000,0x00000000e28c2db8,0x00000000e3180000)
 Metaspace       used 15139K, capacity 15450K, committed 15744K, reserved 1062912K
  class space    used 1827K, capacity 1913K, committed 1920K, reserved 1048576K
}
Event: 4.318 GC heap before
{Heap before GC invocations=7 (full 0):
 PSYoungGen      total 75264K, used 73010K [0x00000000f5f00000, 0x00000000faf00000, 0x0000000100000000)
  eden space 69632K, 100% used [0x00000000f5f00000,0x00000000fa300000,0x00000000fa300000)
  from space 5632K, 59% used [0x00000000fa980000,0x00000000faccc878,0x00000000faf00000)
  to   space 6144K, 0% used [0x00000000fa300000,0x00000000fa300000,0x00000000fa900000)
 ParOldGen       total 22016K, used 13067K [0x00000000e1c00000, 0x00000000e3180000, 0x00000000f5f00000)
  object space 22016K, 59% used [0x00000000e1c00000,0x00000000e28c2db8,0x00000000e3180000)
 Metaspace       used 20199K, capacity 20632K, committed 20736K, reserved 1067008K
  class space    used 2375K, capacity 2498K, committed 2560K, reserved 1048576K
Event: 4.335 GC heap after
Heap after GC invocations=7 (full 0):
 PSYoungGen      total 75776K, used 6142K [0x00000000f5f00000, 0x00000000ff700000, 0x0000000100000000)
  eden space 69632K, 0% used [0x00000000f5f00000,0x00000000f5f00000,0x00000000fa300000)
  from space 6144K, 99% used [0x00000000fa300000,0x00000000fa8ffb88,0x00000000fa900000)
  to   space 8192K, 0% used [0x00000000fef00000,0x00000000fef00000,0x00000000ff700000)
 ParOldGen       total 22016K, used 15334K [0x00000000e1c00000, 0x00000000e3180000, 0x00000000f5f00000)
  object space 22016K, 69% used [0x00000000e1c00000,0x00000000e2af9b50,0x00000000e3180000)
 Metaspace       used 20199K, capacity 20632K, committed 20736K, reserved 1067008K
  class space    used 2375K, capacity 2498K, committed 2560K, reserved 1048576K
}
Event: 5.405 GC heap before
{Heap before GC invocations=8 (full 0):
 PSYoungGen      total 75776K, used 75774K [0x00000000f5f00000, 0x00000000ff700000, 0x0000000100000000)
  eden space 69632K, 100% used [0x00000000f5f00000,0x00000000fa300000,0x00000000fa300000)
  from space 6144K, 99% used [0x00000000fa300000,0x00000000fa8ffb88,0x00000000fa900000)
  to   space 8192K, 0% used [0x00000000fef00000,0x00000000fef00000,0x00000000ff700000)
 ParOldGen       total 22016K, used 15334K [0x00000000e1c00000, 0x00000000e3180000, 0x00000000f5f00000)
  object space 22016K, 69% used [0x00000000e1c00000,0x00000000e2af9b50,0x00000000e3180000)
 Metaspace       used 20297K, capacity 20760K, committed 20992K, reserved 1067008K
  class space    used 2379K, capacity 2498K, committed 2560K, reserved 1048576K
Event: 5.427 GC heap after
Heap after GC invocations=8 (full 0):
 PSYoungGen      total 145408K, used 8178K [0x00000000f5f00000, 0x00000000ffb00000, 0x0000000100000000)
  eden space 137216K, 0% used [0x00000000f5f00000,0x00000000f5f00000,0x00000000fe500000)
  from space 8192K, 99% used [0x00000000fef00000,0x00000000ff6fc918,0x00000000ff700000)
  to   space 10240K, 0% used [0x00000000fe500000,0x00000000fe500000,0x00000000fef00000)
 ParOldGen       total 22016K, used 16786K [0x00000000e1c00000, 0x00000000e3180000, 0x00000000f5f00000)
  object space 22016K, 76% used [0x00000000e1c00000,0x00000000e2c649f8,0x00000000e3180000)
 Metaspace       used 20297K, capacity 20760K, committed 20992K, reserved 1067008K
  class space    used 2379K, capacity 2498K, committed 2560K, reserved 1048576K
}
Event: 13.373 GC heap before
{Heap before GC invocations=9 (full 0):
 PSYoungGen      total 145408K, used 145394K [0x00000000f5f00000, 0x00000000ffb00000, 0x0000000100000000)
  eden space 137216K, 100% used [0x00000000f5f00000,0x00000000fe500000,0x00000000fe500000)
  from space 8192K, 99% used [0x00000000fef00000,0x00000000ff6fc918,0x00000000ff700000)
  to   space 10240K, 0% used [0x00000000fe500000,0x00000000fe500000,0x00000000fef00000)
 ParOldGen       total 22016K, used 16786K [0x00000000e1c00000, 0x00000000e3180000, 0x00000000f5f00000)
  object space 22016K, 76% used [0x00000000e1c00000,0x00000000e2c649f8,0x00000000e3180000)
 Metaspace       used 20680K, capacity 21176K, committed 21248K, reserved 1069056K
  class space    used 2412K, capacity 2530K, committed 2560K, reserved 1048576K
Event: 13.505 GC heap after
Heap after GC invocations=9 (full 0):
 PSYoungGen      total 147456K, used 2949K [0x00000000f5f00000, 0x0000000100000000, 0x0000000100000000)
  eden space 137216K, 0% used [0x00000000f5f00000,0x00000000f5f00000,0x00000000fe500000)
  from space 10240K, 28% used [0x00000000fe500000,0x00000000fe7e1540,0x00000000fef00000)
  to   space 10240K, 0% used [0x00000000ff600000,0x00000000ff600000,0x0000000100000000)
 ParOldGen       total 22016K, used 19330K [0x00000000e1c00000, 0x00000000e3180000, 0x00000000f5f00000)
  object space 22016K, 87% used [0x00000000e1c00000,0x00000000e2ee0a28,0x00000000e3180000)
 Metaspace       used 20680K, capacity 21176K, committed 21248K, reserved 1069056K
  class space    used 2412K, capacity 2530K, committed 2560K, reserved 1048576K
}
Event: 13.514 GC heap before
{Heap before GC invocations=10 (full 1):
 PSYoungGen      total 147456K, used 2949K [0x00000000f5f00000, 0x0000000100000000, 0x0000000100000000)
  eden space 137216K, 0% used [0x00000000f5f00000,0x00000000f5f00000,0x00000000fe500000)
  from space 10240K, 28% used [0x00000000fe500000,0x00000000fe7e1540,0x00000000fef00000)
  to   space 10240K, 0% used [0x00000000ff600000,0x00000000ff600000,0x0000000100000000)
 ParOldGen       total 22016K, used 19330K [0x00000000e1c00000, 0x00000000e3180000, 0x00000000f5f00000)
  object space 22016K, 87% used [0x00000000e1c00000,0x00000000e2ee0a28,0x00000000e3180000)
 Metaspace       used 20680K, capacity 21176K, committed 21248K, reserved 1069056K
  class space    used 2412K, capacity 2530K, committed 2560K, reserved 1048576K

Deoptimization events (10 events):
Event: 3.641 Thread 0x00007f380800a000 Uncommon trap: reason=class_check action=maybe_recompile pc=0x00007f37f9297fec method=java.io.Reader.read()I @ 8
Event: 3.641 Thread 0x00007f380800a000 Uncommon trap: reason=class_check action=maybe_recompile pc=0x00007f37f9297fec method=java.io.Reader.read()I @ 8
Event: 3.641 Thread 0x00007f380800a000 Uncommon trap: reason=class_check action=maybe_recompile pc=0x00007f37f9297fec method=java.io.Reader.read()I @ 8
Event: 3.641 Thread 0x00007f380800a000 Uncommon trap: reason=class_check action=maybe_recompile pc=0x00007f37f9297fec method=java.io.Reader.read()I @ 8
Event: 3.773 Thread 0x00007f380800a000 Uncommon trap: reason=unstable_if action=reinterpret pc=0x00007f37f91639a0 method=java.lang.CharacterData.of(I)Ljava/lang/CharacterData; @ 4
Event: 5.733 Thread 0x00007f380800a000 Uncommon trap: reason=unstable_if action=reinterpret pc=0x00007f37f9a2b938 method=com.rometools.rome.io.impl.BaseWireFeedGenerator.collectUsedPrefixes(Lorg/jdom2/Element;Ljava/util/Set;)V @ 23
Event: 5.744 Thread 0x00007f380800a000 Uncommon trap: reason=bimorphic action=maybe_recompile pc=0x00007f37f9636ea4 method=java.util.regex.Pattern$CharProperty.match(Ljava/util/regex/Matcher;ILjava/lang/CharSequence;)Z @ 37
Event: 5.744 Thread 0x00007f380800a000 Uncommon trap: reason=bimorphic action=maybe_recompile pc=0x00007f37f9636ea4 method=java.util.regex.Pattern$CharProperty.match(Ljava/util/regex/Matcher;ILjava/lang/CharSequence;)Z @ 37
Event: 5.744 Thread 0x00007f380800a000 Uncommon trap: reason=bimorphic action=maybe_recompile pc=0x00007f37f9636ea4 method=java.util.regex.Pattern$CharProperty.match(Ljava/util/regex/Matcher;ILjava/lang/CharSequence;)Z @ 37
Event: 6.216 Thread 0x00007f380800a000 Uncommon trap: reason=unstable_if action=reinterpret pc=0x00007f37f9a2e26c method=org.jdom2.output.Format.escapeText(Lorg/jdom2/output/EscapeStrategy;Ljava/lang/String;Ljava/lang/String;)Ljava/lang/String; @ 26

Internal exceptions (10 events):
Event: 2.121 Thread 0x00007f380800a000 Implicit null exception at 0x00007f37f93742f5 to 0x00007f37f93744d9
Event: 2.121 Thread 0x00007f380800a000 Implicit null exception at 0x00007f37f92f792f to 0x00007f37f92f7999
Event: 2.272 Thread 0x00007f380800a000 Implicit null exception at 0x00007f37f95c9e81 to 0x00007f37f95ca85d
Event: 3.491 Thread 0x00007f380800a000 Exception <a 'java/lang/ClassNotFoundException': jp/igapyon/diary/igapyonv3/util/IgapyonV3CurrentBeanInfo> (0x00000000f7722510) thrown at [/HUDSON3/workspace/8-2-build-linux-amd64/jdk8u102/7268/hotspot/src/share/vm/classfile/systemDictionary.cpp, line 210
Event: 3.492 Thread 0x00007f380800a000 Exception <a 'java/lang/ClassNotFoundException': java/lang/ObjectBeanInfo> (0x00000000f7729a98) thrown at [/HUDSON3/workspace/8-2-build-linux-amd64/jdk8u102/7268/hotspot/src/share/vm/classfile/systemDictionary.cpp, line 210]
Event: 3.492 Thread 0x00007f380800a000 Exception <a 'java/lang/ClassNotFoundException': java/lang/ObjectCustomizer> (0x00000000f7731138) thrown at [/HUDSON3/workspace/8-2-build-linux-amd64/jdk8u102/7268/hotspot/src/share/vm/classfile/systemDictionary.cpp, line 210]
Event: 3.497 Thread 0x00007f380800a000 Exception <a 'java/lang/ClassNotFoundException': jp/igapyon/diary/igapyonv3/util/IgapyonV3CurrentCustomizer> (0x00000000f774aaf8) thrown at [/HUDSON3/workspace/8-2-build-linux-amd64/jdk8u102/7268/hotspot/src/share/vm/classfile/systemDictionary.cpp, line 2
Event: 3.524 Thread 0x00007f380800a000 Exception <a 'java/lang/ClassNotFoundException': jp/igapyon/diary/igapyonv3/util/IgapyonV3SettingsBeanInfo> (0x00000000f77fa898) thrown at [/HUDSON3/workspace/8-2-build-linux-amd64/jdk8u102/7268/hotspot/src/share/vm/classfile/systemDictionary.cpp, line 21
Event: 3.524 Thread 0x00007f380800a000 Exception <a 'java/lang/ClassNotFoundException': jp/igapyon/diary/igapyonv3/util/IgapyonV3SettingsCustomizer> (0x00000000f780f280) thrown at [/HUDSON3/workspace/8-2-build-linux-amd64/jdk8u102/7268/hotspot/src/share/vm/classfile/systemDictionary.cpp, line 
Event: 5.725 Thread 0x00007f380800a000 Implicit null exception at 0x00007f37f9a2ae31 to 0x00007f37f9a2b919

Events (10 events):
Event: 9.764 Thread 0x00007f380800a000 DEOPT UNPACKING pc=0x00007f37f9047633 sp=0x00007f38100a7848 mode 0
Event: 9.873 Thread 0x00007f380800a000 DEOPT PACKING pc=0x00007f37f9a80e9a sp=0x00007f38100a79b0
Event: 9.881 Thread 0x00007f380800a000 DEOPT UNPACKING pc=0x00007f37f9047633 sp=0x00007f38100a7848 mode 0
Event: 13.065 Thread 0x00007f380800a000 DEOPT PACKING pc=0x00007f37f9a80e9a sp=0x00007f38100a7b50
Event: 13.098 Thread 0x00007f380800a000 DEOPT UNPACKING pc=0x00007f37f9047633 sp=0x00007f38100a79e8 mode 0
Event: 13.136 loading class org/jdom2/ContentList$1
Event: 13.148 loading class org/jdom2/ContentList$1 done
Event: 13.161 loading class org/jdom2/ContentList$1
Event: 13.161 loading class org/jdom2/ContentList$1 done
Event: 13.359 Executing VM operation: ParallelGCFailedAllocation


Dynamic libraries:
00400000-00401000 r-xp 00000000 08:01 289626                             /opt/jdk1.8.0_102/bin/java
00600000-00601000 rw-p 00000000 08:01 289626                             /opt/jdk1.8.0_102/bin/java
012a6000-012c7000 rw-p 00000000 00:00 0                                  [heap]
e1c00000-e3180000 rw-p 00000000 00:00 0 
e3f00000-f5f00000 ---p 00000000 00:00 0 
f5f00000-100000000 rw-p 00000000 00:00 0 
100000000-100280000 rw-p 00000000 00:00 0 
100280000-140000000 ---p 00000000 00:00 0 
7f37c8000000-7f37c8021000 rw-p 00000000 00:00 0 
7f37c8021000-7f37cc000000 ---p 00000000 00:00 0 
7f37ccfff000-7f37d0000000 rw-p 00000000 00:00 0 
7f37d0000000-7f37d0da4000 rw-p 00000000 00:00 0 
7f37d0da4000-7f37d4000000 ---p 00000000 00:00 0 
7f37d4000000-7f37d4021000 rw-p 00000000 00:00 0 
7f37d4021000-7f37d8000000 ---p 00000000 00:00 0 
7f37d8000000-7f37d8021000 rw-p 00000000 00:00 0 
7f37d8021000-7f37dc000000 ---p 00000000 00:00 0 
7f37dc000000-7f37dd5bd000 rw-p 00000000 00:00 0 
7f37dd5bd000-7f37e0000000 ---p 00000000 00:00 0 
7f37e0000000-7f37e0021000 rw-p 00000000 00:00 0 
7f37e0021000-7f37e4000000 ---p 00000000 00:00 0 
7f37e4000000-7f37e4021000 rw-p 00000000 00:00 0 
7f37e4021000-7f37e8000000 ---p 00000000 00:00 0 
7f37e8000000-7f37e8299000 rw-p 00000000 00:00 0 
7f37e8299000-7f37ec000000 ---p 00000000 00:00 0 
7f37ec000000-7f37ec021000 rw-p 00000000 00:00 0 
7f37ec021000-7f37f0000000 ---p 00000000 00:00 0 
7f37f180a000-7f37f1811000 r--s 00000000 08:01 1060170                    /usr/lib/x86_64-linux-gnu/gconv/gconv-modules.cache
7f37f1811000-7f37f1836000 r--p 00000000 08:01 144051                     /usr/share/locale-langpack/ja/LC_MESSAGES/libc.mo
7f37f1836000-7f37f1876000 rw-p 00000000 00:00 0 
7f37f1876000-7f37f1a36000 ---p 00000000 00:00 0 
7f37f1a36000-7f37f1c36000 rw-p 00000000 00:00 0 
7f37f1c36000-7f37f1e36000 rw-p 00000000 00:00 0 
7f37f1e36000-7f37f1e38000 r--s 00009000 08:01 1090789                    /home/pomegat/.m2/repository/org/hamcrest/hamcrest-core/1.3/hamcrest-core-1.3.jar
7f37f1e38000-7f37f1e40000 r--s 00045000 08:01 1091418                    /home/pomegat/.m2/repository/junit/junit/4.12/junit-4.12.jar
7f37f1e40000-7f37f1e44000 r--s 00034000 08:01 1076342                    /home/pomegat/.m2/repository/org/codehaus/plexus/plexus-utils/1.5.15/plexus-utils-1.5.15.jar
7f37f1e44000-7f37f1e46000 r--s 0000b000 08:01 1091688                    /home/pomegat/.m2/repository/org/codehaus/plexus/plexus-interpolation/1.11/plexus-interpolation-1.11.jar
7f37f1e46000-7f37f1e4e000 r--s 00049000 08:01 1091619                    /home/pomegat/.m2/repository/backport-util-concurrent/backport-util-concurrent/3.1/backport-util-concurrent-3.1.jar
7f37f1e4e000-7f37f1e50000 r--s 00000000 08:01 1090831                    /home/pomegat/.m2/repository/org/codehaus/plexus/plexus-component-annotations/1.5.5/plexus-component-annotations-1.5.5.jar
7f37f1e50000-7f37f1e58000 r--s 00055000 08:01 1090785                    /home/pomegat/.m2/repository/org/eclipse/sisu/org.eclipse.sisu.inject/0.3.2/org.eclipse.sisu.inject-0.3.2.jar
7f37f1e58000-7f37f1e59000 r--s 00001000 08:01 1090825                    /home/pomegat/.m2/repository/javax/annotation/jsr250-api/1.0/jsr250-api-1.0.jar
7f37f1e59000-7f37f1e5c000 r--s 00008000 08:01 803898                     /home/pomegat/.m2/repository/javax/enterprise/cdi-api/1.0/cdi-api-1.0.jar
7f37f1e5c000-7f37f1e62000 r--s 0003c000 08:01 496020                     /home/pomegat/.m2/repository/com/vladsch/flexmark/flexmark-util/0.16.1/flexmark-util-0.16.1.jar
7f37f1e62000-7f37f1e64000 r--s 00005000 08:01 496018                     /home/pomegat/.m2/repository/com/vladsch/flexmark/flexmark-ext-wikilink/0.16.1/flexmark-ext-wikilink-0.16.1.jar
7f37f1e64000-7f37f1e66000 r--s 00004000 08:01 496016                     /home/pomegat/.m2/repository/com/vladsch/flexmark/flexmark-ext-typographic/0.16.1/flexmark-ext-typographic-0.16.1.jar
7f37f1e66000-7f37f1e69000 r--s 00012000 08:01 496012                     /home/pomegat/.m2/repository/com/vladsch/flexmark/flexmark-ext-toc/0.16.1/flexmark-ext-toc-0.16.1.jar
7f37f1e69000-7f37f1e6b000 r--s 0000d000 08:01 496010                     /home/pomegat/.m2/repository/com/vladsch/flexmark/flexmark-ext-tables/0.16.1/flexmark-ext-tables-0.16.1.jar
7f37f1e6b000-7f37f1e6d000 r--s 00002000 08:01 496009                     /home/pomegat/.m2/repository/com/vladsch/flexmark/flexmark-ext-superscript/0.16.1/flexmark-ext-superscript-0.16.1.jar
7f37f1e6d000-7f37f1e6f000 r--s 00039000 08:01 496008                     /home/pomegat/.m2/repository/com/vladsch/flexmark/flexmark-test-util/0.16.1/flexmark-test-util-0.16.1.jar
7f37f1e6f000-7f37f1e71000 r--s 00008000 08:01 496004                     /home/pomegat/.m2/repository/com/vladsch/flexmark/flexmark-ext-spec-example/0.16.1/flexmark-ext-spec-example-0.16.1.jar
7f37f1e71000-7f37f1e73000 r--s 00003000 08:01 496003                     /home/pomegat/.m2/repository/com/vladsch/flexmark/flexmark-ext-yaml-front-matter/0.16.1/flexmark-ext-yaml-front-matter-0.16.1.jar
7f37f1e73000-7f37f1e75000 r--s 00003000 08:01 496002                     /home/pomegat/.m2/repository/com/vladsch/flexmark/flexmark-ext-jekyll-front-matter/0.16.1/flexmark-ext-jekyll-front-matter-0.16.1.jar
7f37f1e75000-7f37f1e77000 r--s 00002000 08:01 495998                     /home/pomegat/.m2/repository/com/vladsch/flexmark/flexmark-ext-ins/0.16.1/flexmark-ext-ins-0.16.1.jar
7f37f1e77000-7f37f1e79000 r--s 00005000 08:01 495997                     /home/pomegat/.m2/repository/com/vladsch/flexmark/flexmark-ext-gfm-tasklist/0.16.1/flexmark-ext-gfm-tasklist-0.16.1.jar
7f37f1e79000-7f37f1e7b000 r--s 00006000 08:01 495994                     /home/pomegat/.m2/repository/com/vladsch/flexmark/flexmark-ext-gfm-strikethrough/0.16.1/flexmark-ext-gfm-strikethrough-0.16.1.jar
7f37f1e7b000-7f37f1e7d000 r--s 00008000 08:01 495993                     /home/pomegat/.m2/repository/com/vladsch/flexmark/flexmark-ext-footnotes/0.16.1/flexmark-ext-footnotes-0.16.1.jar
7f37f1e7d000-7f37f1e7f000 r--s 00002000 08:01 495990                     /home/pomegat/.m2/repository/com/vladsch/flexmark/flexmark-ext-escaped-character/0.16.1/flexmark-ext-escaped-character-0.16.1.jar
7f37f1e7f000-7f37f1e80000 r--s 0000b000 08:01 495988                     /home/pomegat/.m2/repository/com/vladsch/flexmark/flexmark-ext-emoji/0.16.1/flexmark-ext-emoji-0.16.1.jar
7f37f1e80000-7f37f1e83000 r--s 00007000 08:01 495987                     /home/pomegat/.m2/repository/com/vladsch/flexmark/flexmark-ext-definition/0.16.1/flexmark-ext-definition-0.16.1.jar
7f37f1e83000-7f37f1e84000 r--s 00003000 08:01 705808                     /home/pomegat/.m2/repository/org/nibor/autolink/autolink/0.6.0/autolink-0.6.0.jar
7f37f1e84000-7f37f1e85000 r--s 00001000 08:01 495985                     /home/pomegat/.m2/repository/com/vladsch/flexmark/flexmark-ext-autolink/0.16.1/flexmark-ext-autolink-0.16.1.jar
7f37f1e85000-7f37f1e87000 r--s 00008000 08:01 495984                     /home/pomegat/.m2/repository/com/vladsch/flexmark/flexmark-jira-converter/0.16.1/flexmark-jira-converter-0.16.1.jar
7f37f1e87000-7f37f1e88000 r--s 00003000 08:01 495980                     /home/pomegat/.m2/repository/com/vladsch/flexmark/flexmark-ext-aside/0.16.1/flexmark-ext-aside-0.16.1.jar
7f37f1e88000-7f37f1e8a000 r--s 00003000 08:01 495976                     /home/pomegat/.m2/repository/com/vladsch/flexmark/flexmark-ext-anchorlink/0.16.1/flexmark-ext-anchorlink-0.16.1.jar
7f37f1e8a000-7f37f1e8c000 r--s 00010000 08:01 495974                     /home/pomegat/.m2/repository/com/vladsch/flexmark/flexmark-formatter/0.16.1/flexmark-formatter-0.16.1.jar
7f37f1e8c000-7f37f1e8e000 r--s 00007000 08:01 495972                     /home/pomegat/.m2/repository/com/vladsch/flexmark/flexmark-ext-abbreviation/0.16.1/flexmark-ext-abbreviation-0.16.1.jar
7f37f1e8e000-7f37f1e97000 r--s 0004e000 08:01 495978                     /home/pomegat/.m2/repository/com/vladsch/flexmark/flexmark/0.16.1/flexmark-0.16.1.jar
7f37f1e97000-7f37f1e98000 r--s 00001000 08:01 495970                     /home/pomegat/.m2/repository/com/vladsch/flexmark/flexmark-profile-pegdown/0.16.1/flexmark-profile-pegdown-0.16.1.jar
7f37f1e98000-7f37f1e9e000 r--s 00045000 08:01 804022                     /home/pomegat/.m2/repository/org/jdom/jdom2/2.0.6/jdom2-2.0.6.jar
7f37f1e9e000-7f37f1e9f000 r--s 00001000 08:01 804010                     /home/pomegat/.m2/repository/com/rometools/rome-utils/1.7.1/rome-utils-1.7.1.jar
7f37f1e9f000-7f37f1ea3000 r--s 0003a000 08:01 803995                     /home/pomegat/.m2/repository/com/rometools/rome/1.7.1/rome-1.7.1.jar
7f37f1ea3000-7f37f1ebf000 r--s 00159000 08:01 19366                      /home/pomegat/.m2/repository/org/freemarker/freemarker/2.3.28/freemarker-2.3.28.jar
7f37f1ebf000-7f37f1ec1000 r--s 00015000 08:01 1089853                    /home/pomegat/.m2/repository/org/ccil/cowan/tagsoup/tagsoup/1.2.1/tagsoup-1.2.1.jar
7f37f1ec1000-7f37f1ec8000 r--s 0003f000 08:01 1090818                    /home/pomegat/.m2/repository/commons-codec/commons-codec/1.10/commons-codec-1.10.jar
7f37f1ec8000-7f37f1ed0000 r--s 0006e000 08:01 1089851                    /home/pomegat/.m2/repository/org/apache/commons/commons-lang3/3.5/commons-lang3-3.5.jar
7f37f1ed0000-7f37f1eef000 r--s 001d5000 08:01 1089235                    /home/pomegat/.m2/repository/org/apache/ant/ant/1.9.8/ant-1.9.8.jar
7f37f1eef000-7f37f1f00000 r-xp 00000000 08:01 289686                     /opt/jdk1.8.0_102/jre/lib/amd64/libnio.so
7f37f1f00000-7f37f20ff000 ---p 00011000 08:01 289686                     /opt/jdk1.8.0_102/jre/lib/amd64/libnio.so
7f37f20ff000-7f37f2100000 rw-p 00010000 08:01 289686                     /opt/jdk1.8.0_102/jre/lib/amd64/libnio.so
7f37f2100000-7f37f2116000 r-xp 00000000 08:01 289661                     /opt/jdk1.8.0_102/jre/lib/amd64/libnet.so
7f37f2116000-7f37f2316000 ---p 00016000 08:01 289661                     /opt/jdk1.8.0_102/jre/lib/amd64/libnet.so
7f37f2316000-7f37f2317000 rw-p 00016000 08:01 289661                     /opt/jdk1.8.0_102/jre/lib/amd64/libnet.so
7f37f2317000-7f37f2517000 rw-p 00000000 00:00 0 
7f37f2517000-7f37f2717000 rw-p 00000000 00:00 0 
7f37f2717000-7f37f2917000 rw-p 00000000 00:00 0 
7f37f2917000-7f37f2942000 r--s 001fc000 08:01 1063466                    /opt/apache-maven-3.3.9/lib/guava-18.0.jar
7f37f2942000-7f37f2943000 ---p 00000000 00:00 0 
7f37f2943000-7f37f2a43000 rw-p 00000000 00:00 0 
7f37f2a43000-7f37f2a46000 ---p 00000000 00:00 0 
7f37f2a46000-7f37f2b44000 rw-p 00000000 00:00 0 
7f37f2b44000-7f37f2b47000 ---p 00000000 00:00 0 
7f37f2b47000-7f37f2c45000 rw-p 00000000 00:00 0 
7f37f2c45000-7f37f2c48000 ---p 00000000 00:00 0 
7f37f2c48000-7f37f2d46000 rw-p 00000000 00:00 0 
7f37f2d46000-7f37f2d49000 ---p 00000000 00:00 0 
7f37f2d49000-7f37f2e47000 rw-p 00000000 00:00 0 
7f37f2e47000-7f37f321c000 r--p 00000000 08:01 917136                     /usr/lib/locale/locale-archive
7f37f321c000-7f37f321f000 ---p 00000000 00:00 0 
7f37f321f000-7f37f331d000 rw-p 00000000 00:00 0 
7f37f331d000-7f37f3320000 ---p 00000000 00:00 0 
7f37f3320000-7f37f341e000 rw-p 00000000 00:00 0 
7f37f341e000-7f37f341f000 ---p 00000000 00:00 0 
7f37f341f000-7f37f3e28000 rw-p 00000000 00:00 0 
7f37f3e28000-7f37f4000000 r--s 03d29000 08:01 289653                     /opt/jdk1.8.0_102/jre/lib/rt.jar
7f37f4000000-7f37f4021000 rw-p 00000000 00:00 0 
7f37f4021000-7f37f8000000 ---p 00000000 00:00 0 
7f37f8000000-7f37f8004000 r--s 0002f000 08:01 1089849                    /home/pomegat/.m2/repository/commons-io/commons-io/2.5/commons-io-2.5.jar
7f37f8004000-7f37f8005000 r--s 0000a000 08:01 1090815                    /home/pomegat/.m2/repository/org/ow2/asm/asm-util/5.0.3/asm-util-5.0.3.jar
7f37f8005000-7f37f8006000 r--s 00004000 08:01 1090813                    /home/pomegat/.m2/repository/org/ow2/asm/asm-analysis/5.0.3/asm-analysis-5.0.3.jar
7f37f8006000-7f37f8008000 r--s 00006000 08:01 1090812                    /home/pomegat/.m2/repository/org/ow2/asm/asm-tree/5.0.3/asm-tree-5.0.3.jar
7f37f8008000-7f37f8009000 r--s 0000c000 08:01 804091                     /home/pomegat/.m2/repository/org/ow2/asm/asm/5.0.3/asm-5.0.3.jar
7f37f8009000-7f37f800e000 r--s 00029000 08:01 803876                     /home/pomegat/.m2/repository/org/parboiled/parboiled-core/1.1.7/parboiled-core-1.1.7.jar
7f37f800e000-7f37f8010000 r--s 00010000 08:01 475040                     /home/pomegat/.m2/repository/org/parboiled/parboiled-java/1.1.7/parboiled-java-1.1.7.jar
7f37f8010000-7f37f8012000 r--s 00010000 08:01 168996                     /home/pomegat/.m2/repository/org/pegdown/pegdown/1.5.0/pegdown-1.5.0.jar
7f37f8012000-7f37f8013000 r--s 0000c000 08:01 1090811                    /home/pomegat/.m2/repository/commons-cli/commons-cli/1.3.1/commons-cli-1.3.1.jar
7f37f8013000-7f37f8014000 r--s 00004000 08:01 475328                     /home/pomegat/.m2/repository/org/apache/ant/ant-launcher/1.9.8/ant-launcher-1.9.8.jar
7f37f8014000-7f37f8018000 r--s 0001e000 08:01 19672                      /home/pomegat/.m2/repository/jp/igapyon/diary/igapyonv3/1.5.4/igapyonv3-1.5.4.jar
7f37f8018000-7f37f8019000 r--s 00002000 08:01 19682                      /home/pomegat/.m2/repository/jp/igapyon/diary/igapyonv3/plugin/igapyonv3-maven-plugin/1.5.4/igapyonv3-maven-plugin-1.5.4.jar
7f37f8019000-7f37f801d000 r--s 00097000 08:01 289648                     /opt/jdk1.8.0_102/jre/lib/jsse.jar
7f37f801d000-7f37f8027000 r--s 00116000 08:01 445847                     /opt/jdk1.8.0_102/jre/lib/ext/localedata.jar
7f37f8027000-7f37f802b000 r--s 00027000 08:01 1063482                    /opt/apache-maven-3.3.9/lib/commons-io-2.2.jar
7f37f802b000-7f37f8038000 r--s 0008f000 08:01 1063444                    /opt/apache-maven-3.3.9/lib/maven-core-3.3.9.jar
7f37f8038000-7f37f8039000 r--s 00002000 08:01 1063486                    /opt/apache-maven-3.3.9/lib/slf4j-simple-1.7.5.jar
7f37f8039000-7f37f803b000 r--s 00006000 08:01 1063469                    /opt/apache-maven-3.3.9/lib/aether-spi-1.0.2.v20150114.jar
7f37f803b000-7f37f803f000 r--s 00038000 08:01 1063443                    /opt/apache-maven-3.3.9/lib/plexus-utils-3.0.22.jar
7f37f803f000-7f37f8048000 r--s 0005f000 08:01 1063472                    /opt/apache-maven-3.3.9/lib/guice-4.0-no_aop.jar
7f37f8048000-7f37f804b000 r--s 0000b000 08:01 1063475                    /opt/apache-maven-3.3.9/lib/wagon-provider-api-2.10.jar
7f37f804b000-7f37f804d000 r--s 00009000 08:01 1063447                    /opt/apache-maven-3.3.9/lib/maven-settings-builder-3.3.9.jar
7f37f804d000-7f37f8053000 r--s 00041000 08:01 1063474                    /opt/apache-maven-3.3.9/lib/maven-compat-3.3.9.jar
7f37f8053000-7f37f8055000 r--s 00009000 08:01 1063477                    /opt/apache-maven-3.3.9/lib/commons-cli-1.2.jar
7f37f8055000-7f37f8057000 r--s 00000000 08:01 1063450                    /opt/apache-maven-3.3.9/lib/plexus-component-annotations-1.6.jar
7f37f8057000-7f37f8085000 r--s 001fa000 08:01 1063478                    /opt/apache-maven-3.3.9/lib/wagon-http-2.10-shaded.jar
7f37f8085000-7f37f8086000 r--s 00006000 08:01 1063451                    /opt/apache-maven-3.3.9/lib/plexus-sec-dispatcher-1.3.jar
7f37f8086000-7f37f8088000 r--s 0000f000 08:01 1063467                    /opt/apache-maven-3.3.9/lib/maven-aether-provider-3.3.9.jar
7f37f8088000-7f37f808b000 r--s 00008000 08:01 1063461                    /opt/apache-maven-3.3.9/lib/cdi-api-1.0.jar
7f37f808b000-7f37f808f000 r--s 00020000 08:01 1063470                    /opt/apache-maven-3.3.9/lib/aether-util-1.0.2.v20150114.jar
7f37f808f000-7f37f8091000 r--s 00002000 08:01 1063452                    /opt/apache-maven-3.3.9/lib/plexus-cipher-1.7.jar
7f37f8091000-7f37f8092000 r--s 0000a000 08:01 1063442                    /opt/apache-maven-3.3.9/lib/maven-settings-3.3.9.jar
7f37f8092000-7f37f8095000 r--s 00013000 08:01 1063441                    /opt/apache-maven-3.3.9/lib/maven-embedder-3.3.9.jar
7f37f8095000-7f37f8097000 r--s 00005000 08:01 1063485                    /opt/apache-maven-3.3.9/lib/aether-transport-wagon-1.0.2.v20150114.jar
7f37f8097000-7f37f8099000 r--s 00000000 08:01 1063473                    /opt/apache-maven-3.3.9/lib/aopalliance-1.0.jar
7f37f8099000-7f37f809a000 r--s 00003000 08:01 1063448                    /opt/apache-maven-3.3.9/lib/maven-builder-support-3.3.9.jar
7f37f809a000-7f37f80a0000 r--s 00042000 08:01 1063480                    /opt/apache-maven-3.3.9/lib/jsoup-1.7.2.jar
7f37f80a0000-7f37f80a2000 r--s 00005000 08:01 1063476                    /opt/apache-maven-3.3.9/lib/slf4j-api-1.7.5.jar
7f37f80a2000-7f37f80a6000 r--s 00027000 08:01 1063471                    /opt/apache-maven-3.3.9/lib/aether-impl-1.0.2.v20150114.jar
7f37f80a6000-7f37f80ad000 r--s 00064000 08:01 1063446                    /opt/apache-maven-3.3.9/lib/commons-lang3-3.4.jar
7f37f80ad000-7f37f80b2000 r--s 00041000 08:01 1063481                    /opt/apache-maven-3.3.9/lib/commons-lang-2.6.jar
7f37f80b2000-7f37f80b7000 r--s 00027000 08:01 1063465                    /opt/apache-maven-3.3.9/lib/maven-model-builder-3.3.9.jar
7f37f80b7000-7f37f80bf000 r--s 00055000 08:01 1063464                    /opt/apache-maven-3.3.9/lib/org.eclipse.sisu.inject-0.3.2.jar
7f37f80bf000-7f37f9000000 rw-p 00000000 00:00 0 
7f37f9000000-7f37f9ab0000 rwxp 00000000 00:00 0 
7f37f9ab0000-7f3808000000 ---p 00000000 00:00 0 
7f3808000000-7f3808cd6000 rw-p 00000000 00:00 0 
7f3808cd6000-7f380c000000 ---p 00000000 00:00 0 
7f380c000000-7f380c001000 r--s 00008000 08:01 1063484                    /opt/apache-maven-3.3.9/lib/aether-connector-basic-1.0.2.v20150114.jar
7f380c001000-7f380c002000 r--s 00002000 08:01 1063479                    /opt/apache-maven-3.3.9/lib/wagon-http-shared-2.10.jar
7f380c002000-7f380ca56000 rw-p 00000000 00:00 0 
7f380ca56000-7f380ca57000 ---p 00000000 00:00 0 
7f380ca57000-7f380cb57000 rw-p 00000000 00:00 0 
7f380cb57000-7f380cb58000 ---p 00000000 00:00 0 
7f380cb58000-7f380cc63000 rw-p 00000000 00:00 0 
7f380cc63000-7f380ccf9000 ---p 00000000 00:00 0 
7f380ccf9000-7f380cd4a000 rw-p 00000000 00:00 0 
7f380cd4a000-7f380cd76000 rw-p 00000000 00:00 0 
7f380cd76000-7f380d10b000 ---p 00000000 00:00 0 
7f380d10b000-7f380d125000 r-xp 00000000 08:01 289684                     /opt/jdk1.8.0_102/jre/lib/amd64/libzip.so
7f380d125000-7f380d325000 ---p 0001a000 08:01 289684                     /opt/jdk1.8.0_102/jre/lib/amd64/libzip.so
7f380d325000-7f380d326000 rw-p 0001a000 08:01 289684                     /opt/jdk1.8.0_102/jre/lib/amd64/libzip.so
7f380d326000-7f380d331000 r-xp 00000000 08:01 600069                     /lib/x86_64-linux-gnu/libnss_files-2.23.so
7f380d331000-7f380d530000 ---p 0000b000 08:01 600069                     /lib/x86_64-linux-gnu/libnss_files-2.23.so
7f380d530000-7f380d531000 r--p 0000a000 08:01 600069                     /lib/x86_64-linux-gnu/libnss_files-2.23.so
7f380d531000-7f380d532000 rw-p 0000b000 08:01 600069                     /lib/x86_64-linux-gnu/libnss_files-2.23.so
7f380d532000-7f380d538000 rw-p 00000000 00:00 0 
7f380d538000-7f380d543000 r-xp 00000000 08:01 600073                     /lib/x86_64-linux-gnu/libnss_nis-2.23.so
7f380d543000-7f380d742000 ---p 0000b000 08:01 600073                     /lib/x86_64-linux-gnu/libnss_nis-2.23.so
7f380d742000-7f380d743000 r--p 0000a000 08:01 600073                     /lib/x86_64-linux-gnu/libnss_nis-2.23.so
7f380d743000-7f380d744000 rw-p 0000b000 08:01 600073                     /lib/x86_64-linux-gnu/libnss_nis-2.23.so
7f380d744000-7f380d75a000 r-xp 00000000 08:01 600053                     /lib/x86_64-linux-gnu/libnsl-2.23.so
7f380d75a000-7f380d959000 ---p 00016000 08:01 600053                     /lib/x86_64-linux-gnu/libnsl-2.23.so
7f380d959000-7f380d95a000 r--p 00015000 08:01 600053                     /lib/x86_64-linux-gnu/libnsl-2.23.so
7f380d95a000-7f380d95b000 rw-p 00016000 08:01 600053                     /lib/x86_64-linux-gnu/libnsl-2.23.so
7f380d95b000-7f380d95d000 rw-p 00000000 00:00 0 
7f380d95d000-7f380d965000 r-xp 00000000 08:01 600064                     /lib/x86_64-linux-gnu/libnss_compat-2.23.so
7f380d965000-7f380db64000 ---p 00008000 08:01 600064                     /lib/x86_64-linux-gnu/libnss_compat-2.23.so
7f380db64000-7f380db65000 r--p 00007000 08:01 600064                     /lib/x86_64-linux-gnu/libnss_compat-2.23.so
7f380db65000-7f380db66000 rw-p 00008000 08:01 600064                     /lib/x86_64-linux-gnu/libnss_compat-2.23.so
7f380db66000-7f380db90000 r-xp 00000000 08:01 289711                     /opt/jdk1.8.0_102/jre/lib/amd64/libjava.so
7f380db90000-7f380dd90000 ---p 0002a000 08:01 289711                     /opt/jdk1.8.0_102/jre/lib/amd64/libjava.so
7f380dd90000-7f380dd92000 rw-p 0002a000 08:01 289711                     /opt/jdk1.8.0_102/jre/lib/amd64/libjava.so
7f380dd92000-7f380dd9f000 r-xp 00000000 08:01 289662                     /opt/jdk1.8.0_102/jre/lib/amd64/libverify.so
7f380dd9f000-7f380df9f000 ---p 0000d000 08:01 289662                     /opt/jdk1.8.0_102/jre/lib/amd64/libverify.so
7f380df9f000-7f380dfa1000 rw-p 0000d000 08:01 289662                     /opt/jdk1.8.0_102/jre/lib/amd64/libverify.so
7f380dfa1000-7f380dfa8000 r-xp 00000000 08:01 600074                     /lib/x86_64-linux-gnu/librt-2.23.so
7f380dfa8000-7f380e1a7000 ---p 00007000 08:01 600074                     /lib/x86_64-linux-gnu/librt-2.23.so
7f380e1a7000-7f380e1a8000 r--p 00006000 08:01 600074                     /lib/x86_64-linux-gnu/librt-2.23.so
7f380e1a8000-7f380e1a9000 rw-p 00007000 08:01 600074                     /lib/x86_64-linux-gnu/librt-2.23.so
7f380e1a9000-7f380e2b1000 r-xp 00000000 08:01 600052                     /lib/x86_64-linux-gnu/libm-2.23.so
7f380e2b1000-7f380e4b0000 ---p 00108000 08:01 600052                     /lib/x86_64-linux-gnu/libm-2.23.so
7f380e4b0000-7f380e4b1000 r--p 00107000 08:01 600052                     /lib/x86_64-linux-gnu/libm-2.23.so
7f380e4b1000-7f380e4b2000 rw-p 00108000 08:01 600052                     /lib/x86_64-linux-gnu/libm-2.23.so
7f380e4b2000-7f380f17e000 r-xp 00000000 08:01 289715                     /opt/jdk1.8.0_102/jre/lib/amd64/server/libjvm.so
7f380f17e000-7f380f37e000 ---p 00ccc000 08:01 289715                     /opt/jdk1.8.0_102/jre/lib/amd64/server/libjvm.so
7f380f37e000-7f380f457000 rw-p 00ccc000 08:01 289715                     /opt/jdk1.8.0_102/jre/lib/amd64/server/libjvm.so
7f380f457000-7f380f4a2000 rw-p 00000000 00:00 0 
7f380f4a2000-7f380f662000 r-xp 00000000 08:01 600056                     /lib/x86_64-linux-gnu/libc-2.23.so
7f380f662000-7f380f862000 ---p 001c0000 08:01 600056                     /lib/x86_64-linux-gnu/libc-2.23.so
7f380f862000-7f380f866000 r--p 001c0000 08:01 600056                     /lib/x86_64-linux-gnu/libc-2.23.so
7f380f866000-7f380f868000 rw-p 001c4000 08:01 600056                     /lib/x86_64-linux-gnu/libc-2.23.so
7f380f868000-7f380f86c000 rw-p 00000000 00:00 0 
7f380f86c000-7f380f86f000 r-xp 00000000 08:01 600058                     /lib/x86_64-linux-gnu/libdl-2.23.so
7f380f86f000-7f380fa6e000 ---p 00003000 08:01 600058                     /lib/x86_64-linux-gnu/libdl-2.23.so
7f380fa6e000-7f380fa6f000 r--p 00002000 08:01 600058                     /lib/x86_64-linux-gnu/libdl-2.23.so
7f380fa6f000-7f380fa70000 rw-p 00003000 08:01 600058                     /lib/x86_64-linux-gnu/libdl-2.23.so
7f380fa70000-7f380fa85000 r-xp 00000000 08:01 289154                     /opt/jdk1.8.0_102/lib/amd64/jli/libjli.so
7f380fa85000-7f380fc85000 ---p 00015000 08:01 289154                     /opt/jdk1.8.0_102/lib/amd64/jli/libjli.so
7f380fc85000-7f380fc86000 rw-p 00015000 08:01 289154                     /opt/jdk1.8.0_102/lib/amd64/jli/libjli.so
7f380fc86000-7f380fc9e000 r-xp 00000000 08:01 600055                     /lib/x86_64-linux-gnu/libpthread-2.23.so
7f380fc9e000-7f380fe9d000 ---p 00018000 08:01 600055                     /lib/x86_64-linux-gnu/libpthread-2.23.so
7f380fe9d000-7f380fe9e000 r--p 00017000 08:01 600055                     /lib/x86_64-linux-gnu/libpthread-2.23.so
7f380fe9e000-7f380fe9f000 rw-p 00018000 08:01 600055                     /lib/x86_64-linux-gnu/libpthread-2.23.so
7f380fe9f000-7f380fea3000 rw-p 00000000 00:00 0 
7f380fea3000-7f380fec9000 r-xp 00000000 08:01 600054                     /lib/x86_64-linux-gnu/ld-2.23.so
7f380fec9000-7f380feca000 r--s 00001000 08:01 1063462                    /opt/apache-maven-3.3.9/lib/jsr250-api-1.0.jar
7f380feca000-7f380fecb000 r--s 00006000 08:01 1063453                    /opt/apache-maven-3.3.9/lib/maven-repository-metadata-3.3.9.jar
7f380fecb000-7f380fecc000 r--s 00002000 08:01 1063483                    /opt/apache-maven-3.3.9/lib/wagon-file-2.10.jar
7f380fecc000-7f380fecf000 r--s 00026000 08:01 1063445                    /opt/apache-maven-3.3.9/lib/maven-model-3.3.9.jar
7f380fecf000-7f380fed4000 r--s 0001d000 08:01 1063468                    /opt/apache-maven-3.3.9/lib/aether-api-1.0.2.v20150114.jar
7f380fed4000-7f380fed7000 r--s 0000d000 08:01 1063449                    /opt/apache-maven-3.3.9/lib/plexus-interpolation-1.21.jar
7f380fed7000-7f380fed9000 r--s 0000a000 08:01 1063459                    /opt/apache-maven-3.3.9/lib/maven-plugin-api-3.3.9.jar
7f380fed9000-7f380feda000 r--s 00000000 08:01 1063463                    /opt/apache-maven-3.3.9/lib/javax.inject-1.jar
7f380feda000-7f380fee0000 r--s 0002d000 08:01 1063460                    /opt/apache-maven-3.3.9/lib/org.eclipse.sisu.plexus-0.3.2.jar
7f380fee0000-7f380ff13000 rw-p 00000000 00:00 0 
7f380ff13000-7f380ffaa000 ---p 00000000 00:00 0 
7f380ffaa000-7f380ffad000 ---p 00000000 00:00 0 
7f380ffad000-7f38100b0000 rw-p 00000000 00:00 0 
7f38100b0000-7f38100b2000 r--s 0000c000 08:01 1063458                    /opt/apache-maven-3.3.9/lib/maven-artifact-3.3.9.jar
7f38100b2000-7f38100b4000 r--s 0000b000 08:01 1063439                    /opt/apache-maven-3.3.9/boot/plexus-classworlds-2.5.2.jar
7f38100b4000-7f38100be000 rw-p 00000000 00:00 0 
7f38100be000-7f38100c6000 rw-s 00000000 08:01 263472                     /tmp/hsperfdata_pomegat/7657
7f38100c6000-7f38100c7000 rw-p 00000000 00:00 0 
7f38100c7000-7f38100c8000 ---p 00000000 00:00 0 
7f38100c8000-7f38100c9000 r--p 00025000 08:01 600054                     /lib/x86_64-linux-gnu/ld-2.23.so
7f38100c9000-7f38100ca000 rw-p 00026000 08:01 600054                     /lib/x86_64-linux-gnu/ld-2.23.so
7f38100ca000-7f38100cb000 rw-p 00000000 00:00 0 
7ffc5a08e000-7ffc5a0b0000 rw-p 00000000 00:00 0                          [stack]
7ffc5a182000-7ffc5a185000 r--p 00000000 00:00 0                          [vvar]
7ffc5a185000-7ffc5a187000 r-xp 00000000 00:00 0                          [vdso]
ffffffffff600000-ffffffffff601000 r-xp 00000000 00:00 0                  [vsyscall]

VM Arguments:
jvm_args: -Dclassworlds.conf=/opt/apache-maven-3.3.9/bin/m2.conf -Dmaven.home=/opt/apache-maven-3.3.9 -Dmaven.multiModuleProjectDirectory=/home/pomegat/git/diary 
java_command: org.codehaus.plexus.classworlds.launcher.Launcher install
java_class_path (initial): /opt/apache-maven-3.3.9/boot/plexus-classworlds-2.5.2.jar
Launcher Type: SUN_STANDARD

Environment Variables:
JAVA_HOME=/opt/jdk1.8.0_102
PATH=/home/pomegat/bin:/home/pomegat/.local/bin:/usr/local/sbin:/usr/local/bin:/usr/sbin:/usr/bin:/sbin:/bin:/usr/games:/usr/local/games:/snap/bin:/opt/apache-maven-3.3.9/bin:/home/pomegat/apps/groovy/bin
SHELL=/bin/bash
DISPLAY=:0

Signal Handlers:
SIGSEGV: [libjvm.so+0xac5b30], sa_mask[0]=11111111011111111101111111111110, sa_flags=SA_RESTART|SA_SIGINFO
SIGBUS: [libjvm.so+0xac5b30], sa_mask[0]=11111111011111111101111111111110, sa_flags=SA_RESTART|SA_SIGINFO
SIGFPE: [libjvm.so+0x91f470], sa_mask[0]=11111111011111111101111111111110, sa_flags=SA_RESTART|SA_SIGINFO
SIGPIPE: [libjvm.so+0x91f470], sa_mask[0]=11111111011111111101111111111110, sa_flags=SA_RESTART|SA_SIGINFO
SIGXFSZ: [libjvm.so+0x91f470], sa_mask[0]=11111111011111111101111111111110, sa_flags=SA_RESTART|SA_SIGINFO
SIGILL: [libjvm.so+0x91f470], sa_mask[0]=11111111011111111101111111111110, sa_flags=SA_RESTART|SA_SIGINFO
SIGUSR1: SIG_DFL, sa_mask[0]=00000000000000000000000000000000, sa_flags=none
SIGUSR2: [libjvm.so+0x920aa0], sa_mask[0]=00000000000000000000000000000000, sa_flags=SA_RESTART|SA_SIGINFO
SIGHUP: [libjvm.so+0x921ea0], sa_mask[0]=11111111011111111101111111111110, sa_flags=SA_RESTART|SA_SIGINFO
SIGINT: [libjvm.so+0x921ea0], sa_mask[0]=11111111011111111101111111111110, sa_flags=SA_RESTART|SA_SIGINFO
SIGTERM: [libjvm.so+0x921ea0], sa_mask[0]=11111111011111111101111111111110, sa_flags=SA_RESTART|SA_SIGINFO
SIGQUIT: [libjvm.so+0x921ea0], sa_mask[0]=11111111011111111101111111111110, sa_flags=SA_RESTART|SA_SIGINFO


---------------  S Y S T E M  ---------------

OS:DISTRIB_ID=Ubuntu
DISTRIB_RELEASE=16.04
DISTRIB_CODENAME=xenial
DISTRIB_DESCRIPTION="Ubuntu 16.04.3 LTS"

uname:Linux 4.4.0-121-generic #145-Ubuntu SMP Fri Apr 13 13:47:23 UTC 2018 x86_64
libc:glibc 2.23 NPTL 2.23 
rlimit: STACK 8192k, CORE 0k, NPROC 7577, NOFILE 1048576, AS infinity
load average:2.52 0.93 0.60

/proc/meminfo:
MemTotal:        1980712 kB
MemFree:          439240 kB
MemAvailable:     403612 kB
Buffers:             448 kB
Cached:            47192 kB
SwapCached:          476 kB
Active:           684540 kB
Inactive:         292500 kB
Active(anon):     682284 kB
Inactive(anon):   248608 kB
Active(file):       2256 kB
Inactive(file):    43892 kB
Unevictable:          48 kB
Mlocked:              48 kB
SwapTotal:       1636348 kB
SwapFree:         515772 kB
Dirty:               124 kB
Writeback:             0 kB
AnonPages:        892184 kB
Mapped:            31972 kB
Shmem:              1184 kB
Slab:              85952 kB
SReclaimable:      32768 kB
SUnreclaim:        53184 kB
KernelStack:       13536 kB
PageTables:        49748 kB
NFS_Unstable:          0 kB
Bounce:                0 kB
WritebackTmp:          0 kB
CommitLimit:     2626704 kB
Committed_AS:    8567536 kB
VmallocTotal:   34359738367 kB
VmallocUsed:           0 kB
VmallocChunk:          0 kB
HardwareCorrupted:     0 kB
AnonHugePages:         0 kB
CmaTotal:              0 kB
CmaFree:               0 kB
HugePages_Total:       0
HugePages_Free:        0
HugePages_Rsvd:        0
HugePages_Surp:        0
Hugepagesize:       2048 kB
DirectMap4k:      145280 kB
DirectMap2M:     1902592 kB
DirectMap1G:           0 kB


CPU:total 2 (1 cores per cpu, 1 threads per core) family 6 model 61 stepping 4, cmov, cx8, fxsr, mmx, sse, sse2, sse3, ssse3, sse4.1, sse4.2, popcnt, avx, avx2, aes, clmul, erms, 3dnowpref, lzcnt, tsc, tscinvbit, bmi1, bmi2, adx

/proc/cpuinfo:
processor	: 0
vendor_id	: GenuineIntel
cpu family	: 6
model		: 61
model name	: Intel(R) Core(TM) i5-5257U CPU @ 2.70GHz
stepping	: 4
microcode	: 0x2a
cpu MHz		: 2699.883
cache size	: 3072 KB
physical id	: 0
siblings	: 1
core id		: 0
cpu cores	: 1
apicid		: 0
initial apicid	: 0
fpu		: yes
fpu_exception	: yes
cpuid level	: 20
wp		: yes
flags		: fpu vme de pse tsc msr pae mce cx8 apic sep mtrr pge mca cmov pat pse36 clflush dts mmx fxsr sse sse2 ss syscall nx pdpe1gb rdtscp lm constant_tsc arch_perfmon pebs bts nopl xtopology tsc_reliable nonstop_tsc aperfmperf eagerfpu pni pclmulqdq ssse3 fma cx16 pcid sse4_1 sse4_2 x2apic movbe popcnt tsc_deadline_timer aes xsave avx f16c rdrand hypervisor lahf_lm abm 3dnowprefetch epb invpcid_single retpoline kaiser fsgsbase tsc_adjust bmi1 avx2 smep bmi2 invpcid rdseed adx smap xsaveopt dtherm ida arat pln pts
bugs		: cpu_meltdown spectre_v1 spectre_v2
bogomips	: 5399.76
clflush size	: 64
cache_alignment	: 64
address sizes	: 42 bits physical, 48 bits virtual
power management:

processor	: 1
vendor_id	: GenuineIntel
cpu family	: 6
model		: 61
model name	: Intel(R) Core(TM) i5-5257U CPU @ 2.70GHz
stepping	: 4
microcode	: 0x2a
cpu MHz		: 2699.883
cache size	: 3072 KB
physical id	: 2
siblings	: 1
core id		: 0
cpu cores	: 1
apicid		: 2
initial apicid	: 2
fpu		: yes
fpu_exception	: yes
cpuid level	: 20
wp		: yes
flags		: fpu vme de pse tsc msr pae mce cx8 apic sep mtrr pge mca cmov pat pse36 clflush dts mmx fxsr sse sse2 ss syscall nx pdpe1gb rdtscp lm constant_tsc arch_perfmon pebs bts nopl xtopology tsc_reliable nonstop_tsc aperfmperf eagerfpu pni pclmulqdq ssse3 fma cx16 pcid sse4_1 sse4_2 x2apic movbe popcnt tsc_deadline_timer aes xsave avx f16c rdrand hypervisor lahf_lm abm 3dnowprefetch epb invpcid_single retpoline kaiser fsgsbase tsc_adjust bmi1 avx2 smep bmi2 invpcid rdseed adx smap xsaveopt dtherm ida arat pln pts
bugs		: cpu_meltdown spectre_v1 spectre_v2
bogomips	: 5399.76
clflush size	: 64
cache_alignment	: 64
address sizes	: 42 bits physical, 48 bits virtual
power management:



Memory: 4k page, physical 1980712k(442180k free), swap 1636348k(515772k free)

vm_info: Java HotSpot(TM) 64-Bit Server VM (25.102-b14) for linux-amd64 JRE (1.8.0_102-b14), built on Jun 22 2016 18:43:17 by "java_re" with gcc 4.3.0 20080428 (Red Hat 4.3.0-8)

time: Sun May 20 22:39:07 2018
elapsed time: 16 seconds (0d 0h 0m 16s)

